mode: set
shoop-golang/database/database.go:17.35,19.48 2 0
shoop-golang/database/database.go:19.48,21.3 1 0
shoop-golang/database/database.go:23.2,27.16 3 0
shoop-golang/database/database.go:27.16,29.3 1 0
shoop-golang/database/database.go:31.2,43.16 1 0
shoop-golang/database/database.go:43.16,45.3 1 0
shoop-golang/database/database.go:47.2,48.11 2 0
shoop-golang/database/seeders/seeder.go:12.24,20.2 7 0
shoop-golang/database/seeders/seeder.go:22.37,25.2 2 0
shoop-golang/database/seeders/seeder.go:27.33,30.15 3 0
shoop-golang/database/seeders/seeder.go:30.15,32.3 1 0
shoop-golang/database/seeders/seeder.go:33.2,40.62 2 0
shoop-golang/database/seeders/seeder.go:43.35,46.15 3 0
shoop-golang/database/seeders/seeder.go:46.15,48.3 1 0
shoop-golang/database/seeders/seeder.go:49.2,56.4 1 0
shoop-golang/database/seeders/seeder.go:59.33,62.15 3 0
shoop-golang/database/seeders/seeder.go:62.15,64.3 1 0
shoop-golang/database/seeders/seeder.go:65.2,68.4 1 0
shoop-golang/database/seeders/seeder.go:71.34,74.15 3 0
shoop-golang/database/seeders/seeder.go:74.15,76.3 1 0
shoop-golang/database/seeders/seeder.go:77.2,84.24 2 0
shoop-golang/database/seeders/seeder.go:87.32,90.15 3 0
shoop-golang/database/seeders/seeder.go:90.15,92.3 1 0
shoop-golang/database/seeders/seeder.go:94.2,96.26 3 0
shoop-golang/database/seeders/seeder.go:96.26,98.3 1 0
shoop-golang/database/seeders/seeder.go:100.2,112.22 2 0
shoop-golang/database/seeders/seeder.go:115.31,118.15 3 0
shoop-golang/database/seeders/seeder.go:118.15,120.3 1 0
shoop-golang/database/seeders/seeder.go:121.2,126.21 2 0
shoop-golang/internal/handlers/admin/about.go:13.38,23.2 7 0
shoop-golang/internal/handlers/admin/about.go:25.40,37.2 8 0
shoop-golang/internal/handlers/admin/auth.go:14.38,18.2 1 0
shoop-golang/internal/handlers/admin/auth.go:20.34,25.106 4 0
shoop-golang/internal/handlers/admin/auth.go:25.106,30.3 1 0
shoop-golang/internal/handlers/admin/auth.go:32.2,32.96 1 0
shoop-golang/internal/handlers/admin/auth.go:32.96,37.3 1 0
shoop-golang/internal/handlers/admin/auth.go:39.2,44.57 5 0
shoop-golang/internal/handlers/admin/auth.go:47.35,53.2 5 0
shoop-golang/internal/handlers/admin/banners.go:19.39,29.2 7 0
shoop-golang/internal/handlers/admin/banners.go:31.41,36.2 4 0
shoop-golang/internal/handlers/admin/banners.go:38.40,50.58 4 0
shoop-golang/internal/handlers/admin/banners.go:50.58,56.3 5 0
shoop-golang/internal/handlers/admin/banners.go:58.2,60.55 3 0
shoop-golang/internal/handlers/admin/banners.go:63.39,69.82 5 0
shoop-golang/internal/handlers/admin/banners.go:69.82,71.3 1 0
shoop-golang/internal/handlers/admin/banners.go:72.2,75.60 3 0
shoop-golang/internal/handlers/admin/banners.go:78.41,80.82 2 0
shoop-golang/internal/handlers/admin/banners.go:80.82,82.3 1 0
shoop-golang/internal/handlers/admin/banners.go:84.2,91.45 7 0
shoop-golang/internal/handlers/admin/banners.go:91.45,93.3 1 0
shoop-golang/internal/handlers/admin/banners.go:95.2,99.55 4 0
shoop-golang/internal/handlers/admin/banners.go:102.41,107.2 4 0
shoop-golang/internal/handlers/admin/banners.go:109.48,111.16 2 0
shoop-golang/internal/handlers/admin/banners.go:111.16,113.3 1 0
shoop-golang/internal/handlers/admin/banners.go:114.2,115.16 2 0
shoop-golang/internal/handlers/admin/banners.go:115.16,117.3 1 0
shoop-golang/internal/handlers/admin/banners.go:118.2,127.16 8 0
shoop-golang/internal/handlers/admin/banners.go:127.16,129.3 1 0
shoop-golang/internal/handlers/admin/banners.go:130.2,133.22 3 0
shoop-golang/internal/handlers/admin/categories.go:15.41,25.2 7 0
shoop-golang/internal/handlers/admin/categories.go:27.43,32.2 4 0
shoop-golang/internal/handlers/admin/categories.go:34.42,44.55 3 0
shoop-golang/internal/handlers/admin/categories.go:44.55,51.3 6 0
shoop-golang/internal/handlers/admin/categories.go:53.2,55.58 3 0
shoop-golang/internal/handlers/admin/categories.go:58.41,64.79 5 0
shoop-golang/internal/handlers/admin/categories.go:64.79,66.3 1 0
shoop-golang/internal/handlers/admin/categories.go:67.2,70.63 3 0
shoop-golang/internal/handlers/admin/categories.go:73.43,75.79 2 0
shoop-golang/internal/handlers/admin/categories.go:75.79,77.3 1 0
shoop-golang/internal/handlers/admin/categories.go:79.2,90.58 10 0
shoop-golang/internal/handlers/admin/categories.go:93.43,98.2 4 0
shoop-golang/internal/handlers/admin/company.go:13.40,23.2 7 0
shoop-golang/internal/handlers/admin/company.go:25.42,43.2 14 0
shoop-golang/internal/handlers/admin/dashboard.go:13.47,19.22 4 0
shoop-golang/internal/handlers/admin/dashboard.go:19.22,21.3 1 0
shoop-golang/internal/handlers/admin/dashboard.go:22.2,23.25 2 0
shoop-golang/internal/handlers/admin/dashboard.go:23.25,25.3 1 0
shoop-golang/internal/handlers/admin/dashboard.go:26.2,26.13 1 0
shoop-golang/internal/handlers/admin/dashboard.go:29.38,50.2 16 0
shoop-golang/internal/handlers/admin/orders.go:13.38,20.18 6 0
shoop-golang/internal/handlers/admin/orders.go:20.18,22.3 1 0
shoop-golang/internal/handlers/admin/orders.go:24.2,29.60 5 0
shoop-golang/internal/handlers/admin/orders.go:32.40,38.139 5 0
shoop-golang/internal/handlers/admin/orders.go:38.139,40.3 1 0
shoop-golang/internal/handlers/admin/orders.go:41.2,43.61 2 0
shoop-golang/internal/handlers/admin/orders.go:46.46,51.31 3 0
shoop-golang/internal/handlers/admin/orders.go:51.31,53.3 1 0
shoop-golang/internal/handlers/admin/orders.go:55.2,59.69 4 0
shoop-golang/internal/handlers/admin/products.go:20.40,30.2 7 0
shoop-golang/internal/handlers/admin/products.go:32.42,42.2 7 0
shoop-golang/internal/handlers/admin/products.go:44.41,63.59 5 0
shoop-golang/internal/handlers/admin/products.go:63.59,73.3 9 0
shoop-golang/internal/handlers/admin/products.go:75.2,79.56 4 0
shoop-golang/internal/handlers/admin/products.go:82.40,88.101 5 0
shoop-golang/internal/handlers/admin/products.go:88.101,90.3 1 0
shoop-golang/internal/handlers/admin/products.go:91.2,98.61 6 0
shoop-golang/internal/handlers/admin/products.go:101.42,103.83 2 0
shoop-golang/internal/handlers/admin/products.go:103.83,105.3 1 0
shoop-golang/internal/handlers/admin/products.go:107.2,128.56 19 0
shoop-golang/internal/handlers/admin/products.go:131.42,137.2 5 0
shoop-golang/internal/handlers/admin/products.go:139.40,142.2 2 0
shoop-golang/internal/handlers/admin/products.go:144.60,146.16 2 0
shoop-golang/internal/handlers/admin/products.go:146.16,148.3 1 0
shoop-golang/internal/handlers/admin/products.go:149.2,150.29 2 0
shoop-golang/internal/handlers/admin/products.go:150.29,152.17 2 0
shoop-golang/internal/handlers/admin/products.go:152.17,153.12 1 0
shoop-golang/internal/handlers/admin/products.go:155.3,164.17 8 0
shoop-golang/internal/handlers/admin/products.go:164.17,165.12 1 0
shoop-golang/internal/handlers/admin/products.go:167.3,177.27 4 0
shoop-golang/internal/handlers/admin/users.go:12.37,22.2 7 0
shoop-golang/internal/handlers/admin/users.go:24.39,30.98 5 0
shoop-golang/internal/handlers/admin/users.go:30.98,32.3 1 0
shoop-golang/internal/handlers/admin/users.go:33.2,35.60 2 0
shoop-golang/internal/handlers/web/auth.go:14.37,19.49 4 0
shoop-golang/internal/handlers/web/auth.go:19.49,21.3 1 0
shoop-golang/internal/handlers/web/auth.go:23.2,24.85 2 0
shoop-golang/internal/handlers/web/auth.go:24.85,26.3 1 0
shoop-golang/internal/handlers/web/auth.go:28.2,29.16 2 0
shoop-golang/internal/handlers/web/auth.go:29.16,31.3 1 0
shoop-golang/internal/handlers/web/auth.go:33.2,38.56 2 0
shoop-golang/internal/handlers/web/auth.go:38.56,40.3 1 0
shoop-golang/internal/handlers/web/auth.go:42.2,47.102 5 0
shoop-golang/internal/handlers/web/auth.go:50.34,55.81 4 0
shoop-golang/internal/handlers/web/auth.go:55.81,57.3 1 0
shoop-golang/internal/handlers/web/auth.go:59.2,59.95 1 0
shoop-golang/internal/handlers/web/auth.go:59.95,61.3 1 0
shoop-golang/internal/handlers/web/auth.go:63.2,68.102 5 0
shoop-golang/internal/handlers/web/auth.go:71.35,77.2 5 0
shoop-golang/internal/handlers/web/cart.go:15.37,23.29 6 0
shoop-golang/internal/handlers/web/cart.go:23.29,25.3 1 0
shoop-golang/internal/handlers/web/cart.go:26.2,28.56 2 0
shoop-golang/internal/handlers/web/cart.go:31.38,33.17 2 0
shoop-golang/internal/handlers/web/cart.go:33.17,35.3 1 0
shoop-golang/internal/handlers/web/cart.go:37.2,39.74 3 0
shoop-golang/internal/handlers/web/cart.go:39.74,41.3 1 0
shoop-golang/internal/handlers/web/cart.go:42.2,43.97 2 0
shoop-golang/internal/handlers/web/cart.go:43.97,45.3 1 0
shoop-golang/internal/handlers/web/cart.go:47.2,48.16 2 0
shoop-golang/internal/handlers/web/cart.go:48.16,50.3 1 0
shoop-golang/internal/handlers/web/cart.go:52.2,53.37 2 0
shoop-golang/internal/handlers/web/cart.go:53.37,54.20 1 0
shoop-golang/internal/handlers/web/cart.go:54.20,56.9 2 0
shoop-golang/internal/handlers/web/cart.go:59.2,59.77 1 0
shoop-golang/internal/handlers/web/cart.go:59.77,61.3 1 0
shoop-golang/internal/handlers/web/cart.go:63.2,66.29 3 0
shoop-golang/internal/handlers/web/cart.go:66.29,67.34 1 0
shoop-golang/internal/handlers/web/cart.go:67.34,70.9 3 0
shoop-golang/internal/handlers/web/cart.go:73.2,73.12 1 0
shoop-golang/internal/handlers/web/cart.go:73.12,81.3 1 0
shoop-golang/internal/handlers/web/cart.go:83.2,88.4 2 0
shoop-golang/internal/handlers/web/cart.go:91.39,96.29 4 0
shoop-golang/internal/handlers/web/cart.go:96.29,97.34 1 0
shoop-golang/internal/handlers/web/cart.go:97.34,98.18 1 0
shoop-golang/internal/handlers/web/cart.go:99.20,100.24 1 0
shoop-golang/internal/handlers/web/cart.go:101.20,103.31 2 0
shoop-golang/internal/handlers/web/cart.go:103.31,105.6 1 0
shoop-golang/internal/handlers/web/cart.go:106.18,107.46 1 0
shoop-golang/internal/handlers/web/cart.go:109.4,109.9 1 0
shoop-golang/internal/handlers/web/cart.go:113.2,116.29 3 0
shoop-golang/internal/handlers/web/cart.go:116.29,118.3 1 0
shoop-golang/internal/handlers/web/cart.go:120.2,124.4 1 0
shoop-golang/internal/handlers/web/cart.go:127.37,129.17 2 0
shoop-golang/internal/handlers/web/cart.go:129.17,131.3 1 0
shoop-golang/internal/handlers/web/cart.go:133.2,134.21 2 0
shoop-golang/internal/handlers/web/cart.go:134.21,136.3 1 0
shoop-golang/internal/handlers/web/cart.go:138.2,142.29 4 0
shoop-golang/internal/handlers/web/cart.go:142.29,149.3 2 0
shoop-golang/internal/handlers/web/cart.go:152.2,153.66 2 0
shoop-golang/internal/handlers/web/cart.go:153.66,160.39 2 0
shoop-golang/internal/handlers/web/cart.go:160.39,162.4 1 0
shoop-golang/internal/handlers/web/cart.go:164.2,164.16 1 0
shoop-golang/internal/handlers/web/cart.go:164.16,166.3 1 0
shoop-golang/internal/handlers/web/cart.go:167.2,167.17 1 0
shoop-golang/internal/handlers/web/cart.go:167.17,169.3 1 0
shoop-golang/internal/handlers/web/cart.go:170.2,170.19 1 0
shoop-golang/internal/handlers/web/cart.go:170.19,172.3 1 0
shoop-golang/internal/handlers/web/cart.go:173.2,173.16 1 0
shoop-golang/internal/handlers/web/cart.go:173.16,175.3 1 0
shoop-golang/internal/handlers/web/cart.go:177.2,188.57 2 0
shoop-golang/internal/handlers/web/cart.go:188.57,190.3 1 0
shoop-golang/internal/handlers/web/cart.go:192.2,202.4 4 0
shoop-golang/internal/handlers/web/cart.go:205.53,208.9 3 0
shoop-golang/internal/handlers/web/cart.go:208.9,210.3 1 0
shoop-golang/internal/handlers/web/cart.go:211.2,213.14 3 0
shoop-golang/internal/handlers/web/cart.go:216.61,221.2 4 0
shoop-golang/internal/handlers/web/cart.go:223.45,225.29 2 0
shoop-golang/internal/handlers/web/cart.go:225.29,227.3 1 0
shoop-golang/internal/handlers/web/cart.go:228.2,228.14 1 0
shoop-golang/internal/handlers/web/home.go:12.45,18.51 2 0
shoop-golang/internal/handlers/web/home.go:18.51,20.3 1 0
shoop-golang/internal/handlers/web/home.go:21.2,21.49 1 0
shoop-golang/internal/handlers/web/home.go:21.49,23.3 1 0
shoop-golang/internal/handlers/web/home.go:25.2,33.13 7 0
shoop-golang/internal/handlers/web/home.go:36.33,53.2 12 0
shoop-golang/internal/handlers/web/pages.go:12.38,21.2 6 0
shoop-golang/internal/handlers/web/pages.go:23.40,27.2 3 0
shoop-golang/internal/handlers/web/products.go:14.40,19.14 4 0
shoop-golang/internal/handlers/web/products.go:19.14,21.3 1 0
shoop-golang/internal/handlers/web/products.go:22.2,28.24 5 0
shoop-golang/internal/handlers/web/products.go:28.24,30.87 2 0
shoop-golang/internal/handlers/web/products.go:30.87,33.4 2 0
shoop-golang/internal/handlers/web/products.go:36.2,37.18 2 0
shoop-golang/internal/handlers/web/products.go:37.18,40.3 2 0
shoop-golang/internal/handlers/web/products.go:42.2,55.60 10 0
shoop-golang/internal/handlers/web/products.go:58.42,62.155 3 0
shoop-golang/internal/handlers/web/products.go:62.155,64.3 1 0
shoop-golang/internal/handlers/web/products.go:66.2,73.61 6 0
shoop-golang/internal/middleware/middleware.go:13.56,14.36 1 0
shoop-golang/internal/middleware/middleware.go:14.36,17.27 3 0
shoop-golang/internal/middleware/middleware.go:17.27,19.4 1 0
shoop-golang/internal/middleware/middleware.go:20.3,22.17 3 0
shoop-golang/internal/middleware/middleware.go:26.54,27.36 1 0
shoop-golang/internal/middleware/middleware.go:27.36,30.26 3 0
shoop-golang/internal/middleware/middleware.go:30.26,32.4 1 0
shoop-golang/internal/middleware/middleware.go:33.3,35.17 3 0
shoop-golang/internal/middleware/middleware.go:40.61,41.36 1 0
shoop-golang/internal/middleware/middleware.go:41.36,43.72 2 0
shoop-golang/internal/middleware/middleware.go:43.72,47.4 3 0
shoop-golang/internal/middleware/middleware.go:47.9,49.4 1 0
shoop-golang/internal/middleware/middleware.go:51.3,52.23 2 0
shoop-golang/internal/middleware/middleware.go:52.23,54.4 1 0
shoop-golang/internal/middleware/middleware.go:55.3,56.26 2 0
shoop-golang/internal/middleware/middleware.go:56.26,58.4 1 0
shoop-golang/internal/middleware/middleware.go:61.3,61.65 1 0
shoop-golang/internal/middleware/middleware.go:61.65,63.51 2 0
shoop-golang/internal/middleware/middleware.go:63.51,65.32 2 0
shoop-golang/internal/middleware/middleware.go:65.32,67.6 1 0
shoop-golang/internal/middleware/middleware.go:68.5,68.31 1 0
shoop-golang/internal/middleware/middleware.go:71.3,71.33 1 0
shoop-golang/internal/middleware/middleware.go:71.33,73.4 1 0
shoop-golang/internal/middleware/middleware.go:75.3,75.17 1 0
shoop-golang/internal/models/models.go:17.53,18.16 1 1
shoop-golang/internal/models/models.go:18.16,20.3 1 1
shoop-golang/internal/models/models.go:21.2,21.12 1 1
shoop-golang/internal/models/models.go:73.36,74.80 1 1
shoop-golang/internal/models/models.go:74.80,76.3 1 1
shoop-golang/internal/models/models.go:77.2,77.71 1 1
shoop-golang/pkg/session/session.go:20.26,34.2 4 0
shoop-golang/pkg/session/session.go:36.56,39.2 2 0
shoop-golang/pkg/session/session.go:41.54,44.2 2 0
shoop-golang/pkg/session/session.go:46.74,49.2 2 0
shoop-golang/pkg/session/session.go:51.76,53.22 2 0
shoop-golang/pkg/session/session.go:53.22,56.29 3 0
shoop-golang/pkg/session/session.go:56.29,58.4 1 0
shoop-golang/pkg/session/session.go:59.3,59.16 1 0
shoop-golang/pkg/session/session.go:61.2,61.12 1 0
shoop-golang/pkg/utils/helpers.go:12.39,14.45 1 1
shoop-golang/pkg/utils/helpers.go:14.45,15.18 1 1
shoop-golang/pkg/utils/helpers.go:15.18,17.5 1 1
shoop-golang/pkg/utils/helpers.go:18.4,21.14 4 1
shoop-golang/pkg/utils/helpers.go:21.14,23.5 1 1
shoop-golang/pkg/utils/helpers.go:24.4,25.14 2 1
shoop-golang/pkg/utils/helpers.go:25.14,28.18 3 1
shoop-golang/pkg/utils/helpers.go:28.18,30.6 1 1
shoop-golang/pkg/utils/helpers.go:31.5,32.14 2 1
shoop-golang/pkg/utils/helpers.go:34.4,34.43 1 1
shoop-golang/pkg/utils/helpers.go:36.51,37.54 1 1
shoop-golang/pkg/utils/helpers.go:37.54,39.5 1 1
shoop-golang/pkg/utils/helpers.go:40.4,40.64 1 1
shoop-golang/pkg/utils/helpers.go:42.49,43.24 1 1
shoop-golang/pkg/utils/helpers.go:43.24,45.5 1 1
shoop-golang/pkg/utils/helpers.go:46.4,46.29 1 1
shoop-golang/pkg/utils/helpers.go:48.44,50.4 1 0
shoop-golang/pkg/utils/helpers.go:51.42,53.4 1 0
shoop-golang/pkg/utils/helpers.go:54.46,56.4 1 0
shoop-golang/pkg/utils/helpers.go:57.28,59.21 2 0
shoop-golang/pkg/utils/helpers.go:59.21,61.5 1 0
shoop-golang/pkg/utils/helpers.go:62.4,62.12 1 0
shoop-golang/pkg/utils/helpers.go:64.29,64.45 1 0
shoop-golang/pkg/utils/helpers.go:65.29,65.45 1 0
shoop-golang/pkg/utils/helpers.go:66.41,66.57 1 0
shoop-golang/pkg/utils/helpers.go:67.45,67.70 1 0
shoop-golang/pkg/utils/helpers.go:68.52,85.17 5 0
shoop-golang/pkg/utils/helpers.go:85.17,87.5 1 0
shoop-golang/pkg/utils/helpers.go:88.4,88.17 1 0
shoop-golang/pkg/utils/helpers.go:88.17,90.5 1 0
shoop-golang/pkg/utils/helpers.go:91.4,91.120 1 0
shoop-golang/pkg/utils/helpers.go:93.46,95.42 2 0
shoop-golang/pkg/utils/helpers.go:95.42,97.11 2 0
shoop-golang/pkg/utils/helpers.go:97.11,99.6 1 0
shoop-golang/pkg/utils/helpers.go:101.4,101.12 1 0
shoop-golang/pkg/utils/helpers.go:108.31,112.2 3 1
shoop-golang/pkg/utils/renderer.go:17.62,26.29 7 0
shoop-golang/pkg/utils/renderer.go:26.29,31.3 2 0
shoop-golang/pkg/utils/renderer.go:33.2,38.10 3 0
shoop-golang/pkg/utils/renderer.go:41.60,52.29 9 0
shoop-golang/pkg/utils/renderer.go:52.29,57.3 2 0
shoop-golang/pkg/utils/renderer.go:59.2,59.10 1 0
shoop-golang/pkg/utils/renderer.go:62.101,64.9 2 0
shoop-golang/pkg/utils/renderer.go:64.9,66.3 1 0
shoop-golang/pkg/utils/renderer.go:68.2,69.27 2 0
shoop-golang/pkg/utils/renderer.go:69.27,71.3 1 0
shoop-golang/pkg/utils/renderer.go:73.2,73.52 1 0
shoop-golang/pkg/utils/renderer.go:76.50,80.2 3 0
shoop-golang/pkg/utils/renderer.go:82.48,86.2 3 0
shoop-golang/database/database.go:17.35,19.48 2 0
shoop-golang/database/database.go:19.48,21.3 1 0
shoop-golang/database/database.go:23.2,27.16 3 0
shoop-golang/database/database.go:27.16,29.3 1 0
shoop-golang/database/database.go:31.2,43.16 1 0
shoop-golang/database/database.go:43.16,45.3 1 0
shoop-golang/database/database.go:47.2,48.11 2 0
shoop-golang/database/seeders/seeder.go:12.24,20.2 7 1
shoop-golang/database/seeders/seeder.go:22.37,25.2 2 1
shoop-golang/database/seeders/seeder.go:27.33,30.15 3 1
shoop-golang/database/seeders/seeder.go:30.15,32.3 1 0
shoop-golang/database/seeders/seeder.go:33.2,40.62 2 1
shoop-golang/database/seeders/seeder.go:43.35,46.15 3 1
shoop-golang/database/seeders/seeder.go:46.15,48.3 1 0
shoop-golang/database/seeders/seeder.go:49.2,56.4 1 1
shoop-golang/database/seeders/seeder.go:59.33,62.15 3 1
shoop-golang/database/seeders/seeder.go:62.15,64.3 1 0
shoop-golang/database/seeders/seeder.go:65.2,68.4 1 1
shoop-golang/database/seeders/seeder.go:71.34,74.15 3 1
shoop-golang/database/seeders/seeder.go:74.15,76.3 1 0
shoop-golang/database/seeders/seeder.go:77.2,84.24 2 1
shoop-golang/database/seeders/seeder.go:87.32,90.15 3 1
shoop-golang/database/seeders/seeder.go:90.15,92.3 1 0
shoop-golang/database/seeders/seeder.go:94.2,96.26 3 1
shoop-golang/database/seeders/seeder.go:96.26,98.3 1 0
shoop-golang/database/seeders/seeder.go:100.2,112.22 2 1
shoop-golang/database/seeders/seeder.go:115.31,118.15 3 1
shoop-golang/database/seeders/seeder.go:118.15,120.3 1 0
shoop-golang/database/seeders/seeder.go:121.2,126.21 2 1
shoop-golang/internal/handlers/admin/about.go:13.38,23.2 7 0
shoop-golang/internal/handlers/admin/about.go:25.40,37.2 8 1
shoop-golang/internal/handlers/admin/auth.go:14.38,18.2 1 0
shoop-golang/internal/handlers/admin/auth.go:20.34,25.106 4 1
shoop-golang/internal/handlers/admin/auth.go:25.106,30.3 1 1
shoop-golang/internal/handlers/admin/auth.go:32.2,32.96 1 1
shoop-golang/internal/handlers/admin/auth.go:32.96,37.3 1 0
shoop-golang/internal/handlers/admin/auth.go:39.2,44.57 5 1
shoop-golang/internal/handlers/admin/auth.go:47.35,53.2 5 1
shoop-golang/internal/handlers/admin/banners.go:19.39,29.2 7 0
shoop-golang/internal/handlers/admin/banners.go:31.41,36.2 4 0
shoop-golang/internal/handlers/admin/banners.go:38.40,50.58 4 1
shoop-golang/internal/handlers/admin/banners.go:50.58,56.3 5 0
shoop-golang/internal/handlers/admin/banners.go:58.2,60.55 3 1
shoop-golang/internal/handlers/admin/banners.go:63.39,69.82 5 0
shoop-golang/internal/handlers/admin/banners.go:69.82,71.3 1 0
shoop-golang/internal/handlers/admin/banners.go:72.2,75.60 3 0
shoop-golang/internal/handlers/admin/banners.go:78.41,80.82 2 1
shoop-golang/internal/handlers/admin/banners.go:80.82,82.3 1 0
shoop-golang/internal/handlers/admin/banners.go:84.2,91.45 7 1
shoop-golang/internal/handlers/admin/banners.go:91.45,93.3 1 0
shoop-golang/internal/handlers/admin/banners.go:95.2,99.55 4 1
shoop-golang/internal/handlers/admin/banners.go:102.41,107.2 4 1
shoop-golang/internal/handlers/admin/banners.go:109.48,111.16 2 1
shoop-golang/internal/handlers/admin/banners.go:111.16,113.3 1 1
shoop-golang/internal/handlers/admin/banners.go:114.2,115.16 2 0
shoop-golang/internal/handlers/admin/banners.go:115.16,117.3 1 0
shoop-golang/internal/handlers/admin/banners.go:118.2,127.16 8 0
shoop-golang/internal/handlers/admin/banners.go:127.16,129.3 1 0
shoop-golang/internal/handlers/admin/banners.go:130.2,133.22 3 0
shoop-golang/internal/handlers/admin/categories.go:15.41,25.2 7 0
shoop-golang/internal/handlers/admin/categories.go:27.43,32.2 4 0
shoop-golang/internal/handlers/admin/categories.go:34.42,44.55 3 1
shoop-golang/internal/handlers/admin/categories.go:44.55,51.3 6 0
shoop-golang/internal/handlers/admin/categories.go:53.2,55.58 3 1
shoop-golang/internal/handlers/admin/categories.go:58.41,64.79 5 0
shoop-golang/internal/handlers/admin/categories.go:64.79,66.3 1 0
shoop-golang/internal/handlers/admin/categories.go:67.2,70.63 3 0
shoop-golang/internal/handlers/admin/categories.go:73.43,75.79 2 0
shoop-golang/internal/handlers/admin/categories.go:75.79,77.3 1 0
shoop-golang/internal/handlers/admin/categories.go:79.2,90.58 10 0
shoop-golang/internal/handlers/admin/categories.go:93.43,98.2 4 1
shoop-golang/internal/handlers/admin/company.go:13.40,23.2 7 0
shoop-golang/internal/handlers/admin/company.go:25.42,43.2 14 1
shoop-golang/internal/handlers/admin/dashboard.go:13.47,19.22 4 1
shoop-golang/internal/handlers/admin/dashboard.go:19.22,21.3 1 0
shoop-golang/internal/handlers/admin/dashboard.go:22.2,23.25 2 1
shoop-golang/internal/handlers/admin/dashboard.go:23.25,25.3 1 0
shoop-golang/internal/handlers/admin/dashboard.go:26.2,26.13 1 1
shoop-golang/internal/handlers/admin/dashboard.go:29.38,50.2 16 1
shoop-golang/internal/handlers/admin/orders.go:13.38,20.18 6 1
shoop-golang/internal/handlers/admin/orders.go:20.18,22.3 1 0
shoop-golang/internal/handlers/admin/orders.go:24.2,29.60 5 1
shoop-golang/internal/handlers/admin/orders.go:32.40,38.139 5 1
shoop-golang/internal/handlers/admin/orders.go:38.139,40.3 1 0
shoop-golang/internal/handlers/admin/orders.go:41.2,43.61 2 1
shoop-golang/internal/handlers/admin/orders.go:46.46,51.31 3 1
shoop-golang/internal/handlers/admin/orders.go:51.31,53.3 1 1
shoop-golang/internal/handlers/admin/orders.go:55.2,59.69 4 1
shoop-golang/internal/handlers/admin/products.go:20.40,30.2 7 0
shoop-golang/internal/handlers/admin/products.go:32.42,42.2 7 0
shoop-golang/internal/handlers/admin/products.go:44.41,63.59 5 1
shoop-golang/internal/handlers/admin/products.go:63.59,73.3 9 0
shoop-golang/internal/handlers/admin/products.go:75.2,79.56 4 1
shoop-golang/internal/handlers/admin/products.go:82.40,88.101 5 0
shoop-golang/internal/handlers/admin/products.go:88.101,90.3 1 0
shoop-golang/internal/handlers/admin/products.go:91.2,98.61 6 0
shoop-golang/internal/handlers/admin/products.go:101.42,103.83 2 1
shoop-golang/internal/handlers/admin/products.go:103.83,105.3 1 0
shoop-golang/internal/handlers/admin/products.go:107.2,128.56 19 1
shoop-golang/internal/handlers/admin/products.go:131.42,137.2 5 1
shoop-golang/internal/handlers/admin/products.go:139.40,142.2 2 0
shoop-golang/internal/handlers/admin/products.go:144.60,146.16 2 1
shoop-golang/internal/handlers/admin/products.go:146.16,148.3 1 1
shoop-golang/internal/handlers/admin/products.go:149.2,150.29 2 0
shoop-golang/internal/handlers/admin/products.go:150.29,152.17 2 0
shoop-golang/internal/handlers/admin/products.go:152.17,153.12 1 0
shoop-golang/internal/handlers/admin/products.go:155.3,164.17 8 0
shoop-golang/internal/handlers/admin/products.go:164.17,165.12 1 0
shoop-golang/internal/handlers/admin/products.go:167.3,177.27 4 0
shoop-golang/internal/handlers/admin/users.go:12.37,22.2 7 0
shoop-golang/internal/handlers/admin/users.go:24.39,30.98 5 0
shoop-golang/internal/handlers/admin/users.go:30.98,32.3 1 0
shoop-golang/internal/handlers/admin/users.go:33.2,35.60 2 0
shoop-golang/internal/handlers/web/auth.go:14.37,19.49 4 1
shoop-golang/internal/handlers/web/auth.go:19.49,21.3 1 0
shoop-golang/internal/handlers/web/auth.go:23.2,24.85 2 1
shoop-golang/internal/handlers/web/auth.go:24.85,26.3 1 1
shoop-golang/internal/handlers/web/auth.go:28.2,29.16 2 1
shoop-golang/internal/handlers/web/auth.go:29.16,31.3 1 0
shoop-golang/internal/handlers/web/auth.go:33.2,38.56 2 1
shoop-golang/internal/handlers/web/auth.go:38.56,40.3 1 0
shoop-golang/internal/handlers/web/auth.go:42.2,47.102 5 1
shoop-golang/internal/handlers/web/auth.go:50.34,55.81 4 1
shoop-golang/internal/handlers/web/auth.go:55.81,57.3 1 0
shoop-golang/internal/handlers/web/auth.go:59.2,59.95 1 1
shoop-golang/internal/handlers/web/auth.go:59.95,61.3 1 0
shoop-golang/internal/handlers/web/auth.go:63.2,68.102 5 1
shoop-golang/internal/handlers/web/auth.go:71.35,77.2 5 1
shoop-golang/internal/handlers/web/cart.go:15.37,23.29 6 1
shoop-golang/internal/handlers/web/cart.go:23.29,25.3 1 1
shoop-golang/internal/handlers/web/cart.go:26.2,28.56 2 1
shoop-golang/internal/handlers/web/cart.go:31.38,33.17 2 1
shoop-golang/internal/handlers/web/cart.go:33.17,35.3 1 1
shoop-golang/internal/handlers/web/cart.go:37.2,39.74 3 1
shoop-golang/internal/handlers/web/cart.go:39.74,41.3 1 0
shoop-golang/internal/handlers/web/cart.go:42.2,43.97 2 1
shoop-golang/internal/handlers/web/cart.go:43.97,45.3 1 0
shoop-golang/internal/handlers/web/cart.go:47.2,48.16 2 1
shoop-golang/internal/handlers/web/cart.go:48.16,50.3 1 0
shoop-golang/internal/handlers/web/cart.go:52.2,53.37 2 1
shoop-golang/internal/handlers/web/cart.go:53.37,54.20 1 0
shoop-golang/internal/handlers/web/cart.go:54.20,56.9 2 0
shoop-golang/internal/handlers/web/cart.go:59.2,59.77 1 1
shoop-golang/internal/handlers/web/cart.go:59.77,61.3 1 0
shoop-golang/internal/handlers/web/cart.go:63.2,66.29 3 1
shoop-golang/internal/handlers/web/cart.go:66.29,67.34 1 1
shoop-golang/internal/handlers/web/cart.go:67.34,70.9 3 1
shoop-golang/internal/handlers/web/cart.go:73.2,73.12 1 1
shoop-golang/internal/handlers/web/cart.go:73.12,81.3 1 1
shoop-golang/internal/handlers/web/cart.go:83.2,88.4 2 1
shoop-golang/internal/handlers/web/cart.go:91.39,96.29 4 1
shoop-golang/internal/handlers/web/cart.go:96.29,97.34 1 1
shoop-golang/internal/handlers/web/cart.go:97.34,98.18 1 1
shoop-golang/internal/handlers/web/cart.go:99.20,100.24 1 0
shoop-golang/internal/handlers/web/cart.go:101.20,103.31 2 1
shoop-golang/internal/handlers/web/cart.go:103.31,105.6 1 0
shoop-golang/internal/handlers/web/cart.go:106.18,107.46 1 0
shoop-golang/internal/handlers/web/cart.go:109.4,109.9 1 1
shoop-golang/internal/handlers/web/cart.go:113.2,116.29 3 1
shoop-golang/internal/handlers/web/cart.go:116.29,118.3 1 1
shoop-golang/internal/handlers/web/cart.go:120.2,124.4 1 1
shoop-golang/internal/handlers/web/cart.go:127.37,129.17 2 1
shoop-golang/internal/handlers/web/cart.go:129.17,131.3 1 0
shoop-golang/internal/handlers/web/cart.go:133.2,134.21 2 1
shoop-golang/internal/handlers/web/cart.go:134.21,136.3 1 0
shoop-golang/internal/handlers/web/cart.go:138.2,142.29 4 1
shoop-golang/internal/handlers/web/cart.go:142.29,149.3 2 1
shoop-golang/internal/handlers/web/cart.go:152.2,153.66 2 1
shoop-golang/internal/handlers/web/cart.go:153.66,160.39 2 0
shoop-golang/internal/handlers/web/cart.go:160.39,162.4 1 0
shoop-golang/internal/handlers/web/cart.go:164.2,164.16 1 1
shoop-golang/internal/handlers/web/cart.go:164.16,166.3 1 1
shoop-golang/internal/handlers/web/cart.go:167.2,167.17 1 1
shoop-golang/internal/handlers/web/cart.go:167.17,169.3 1 1
shoop-golang/internal/handlers/web/cart.go:170.2,170.19 1 1
shoop-golang/internal/handlers/web/cart.go:170.19,172.3 1 1
shoop-golang/internal/handlers/web/cart.go:173.2,173.16 1 1
shoop-golang/internal/handlers/web/cart.go:173.16,175.3 1 1
shoop-golang/internal/handlers/web/cart.go:177.2,188.57 2 1
shoop-golang/internal/handlers/web/cart.go:188.57,190.3 1 0
shoop-golang/internal/handlers/web/cart.go:192.2,202.4 4 1
shoop-golang/internal/handlers/web/cart.go:205.53,208.9 3 1
shoop-golang/internal/handlers/web/cart.go:208.9,210.3 1 1
shoop-golang/internal/handlers/web/cart.go:211.2,213.14 3 1
shoop-golang/internal/handlers/web/cart.go:216.61,221.2 4 1
shoop-golang/internal/handlers/web/cart.go:223.45,225.29 2 1
shoop-golang/internal/handlers/web/cart.go:225.29,227.3 1 1
shoop-golang/internal/handlers/web/cart.go:228.2,228.14 1 1
shoop-golang/internal/handlers/web/home.go:12.45,18.51 2 1
shoop-golang/internal/handlers/web/home.go:18.51,20.3 1 1
shoop-golang/internal/handlers/web/home.go:21.2,21.49 1 1
shoop-golang/internal/handlers/web/home.go:21.49,23.3 1 0
shoop-golang/internal/handlers/web/home.go:25.2,33.13 7 1
shoop-golang/internal/handlers/web/home.go:36.33,53.2 12 1
shoop-golang/internal/handlers/web/pages.go:12.38,21.2 6 1
shoop-golang/internal/handlers/web/pages.go:23.40,27.2 3 0
shoop-golang/internal/handlers/web/products.go:14.40,19.14 4 1
shoop-golang/internal/handlers/web/products.go:19.14,21.3 1 1
shoop-golang/internal/handlers/web/products.go:22.2,28.24 5 1
shoop-golang/internal/handlers/web/products.go:28.24,30.87 2 1
shoop-golang/internal/handlers/web/products.go:30.87,33.4 2 1
shoop-golang/internal/handlers/web/products.go:36.2,37.18 2 1
shoop-golang/internal/handlers/web/products.go:37.18,40.3 2 1
shoop-golang/internal/handlers/web/products.go:42.2,55.60 10 1
shoop-golang/internal/handlers/web/products.go:58.42,62.155 3 1
shoop-golang/internal/handlers/web/products.go:62.155,64.3 1 0
shoop-golang/internal/handlers/web/products.go:66.2,73.61 6 1
shoop-golang/internal/middleware/middleware.go:13.56,14.36 1 1
shoop-golang/internal/middleware/middleware.go:14.36,17.27 3 1
shoop-golang/internal/middleware/middleware.go:17.27,19.4 1 1
shoop-golang/internal/middleware/middleware.go:20.3,22.17 3 1
shoop-golang/internal/middleware/middleware.go:26.54,27.36 1 0
shoop-golang/internal/middleware/middleware.go:27.36,30.26 3 0
shoop-golang/internal/middleware/middleware.go:30.26,32.4 1 0
shoop-golang/internal/middleware/middleware.go:33.3,35.17 3 0
shoop-golang/internal/middleware/middleware.go:40.61,41.36 1 1
shoop-golang/internal/middleware/middleware.go:41.36,43.72 2 1
shoop-golang/internal/middleware/middleware.go:43.72,47.4 3 1
shoop-golang/internal/middleware/middleware.go:47.9,49.4 1 1
shoop-golang/internal/middleware/middleware.go:51.3,52.23 2 1
shoop-golang/internal/middleware/middleware.go:52.23,54.4 1 1
shoop-golang/internal/middleware/middleware.go:55.3,56.26 2 1
shoop-golang/internal/middleware/middleware.go:56.26,58.4 1 0
shoop-golang/internal/middleware/middleware.go:61.3,61.65 1 1
shoop-golang/internal/middleware/middleware.go:61.65,63.51 2 1
shoop-golang/internal/middleware/middleware.go:63.51,65.32 2 1
shoop-golang/internal/middleware/middleware.go:65.32,67.6 1 1
shoop-golang/internal/middleware/middleware.go:68.5,68.31 1 1
shoop-golang/internal/middleware/middleware.go:71.3,71.33 1 1
shoop-golang/internal/middleware/middleware.go:71.33,73.4 1 1
shoop-golang/internal/middleware/middleware.go:75.3,75.17 1 1
shoop-golang/internal/models/models.go:17.53,18.16 1 1
shoop-golang/internal/models/models.go:18.16,20.3 1 1
shoop-golang/internal/models/models.go:21.2,21.12 1 1
shoop-golang/internal/models/models.go:73.36,74.80 1 0
shoop-golang/internal/models/models.go:74.80,76.3 1 0
shoop-golang/internal/models/models.go:77.2,77.71 1 0
shoop-golang/pkg/session/session.go:20.26,34.2 4 1
shoop-golang/pkg/session/session.go:36.56,39.2 2 1
shoop-golang/pkg/session/session.go:41.54,44.2 2 1
shoop-golang/pkg/session/session.go:46.74,49.2 2 1
shoop-golang/pkg/session/session.go:51.76,53.22 2 1
shoop-golang/pkg/session/session.go:53.22,56.29 3 1
shoop-golang/pkg/session/session.go:56.29,58.4 1 1
shoop-golang/pkg/session/session.go:59.3,59.16 1 1
shoop-golang/pkg/session/session.go:61.2,61.12 1 1
shoop-golang/pkg/utils/helpers.go:12.39,14.45 1 0
shoop-golang/pkg/utils/helpers.go:14.45,15.18 1 0
shoop-golang/pkg/utils/helpers.go:15.18,17.5 1 0
shoop-golang/pkg/utils/helpers.go:18.4,21.14 4 0
shoop-golang/pkg/utils/helpers.go:21.14,23.5 1 0
shoop-golang/pkg/utils/helpers.go:24.4,25.14 2 0
shoop-golang/pkg/utils/helpers.go:25.14,28.18 3 0
shoop-golang/pkg/utils/helpers.go:28.18,30.6 1 0
shoop-golang/pkg/utils/helpers.go:31.5,32.14 2 0
shoop-golang/pkg/utils/helpers.go:34.4,34.43 1 0
shoop-golang/pkg/utils/helpers.go:36.51,37.54 1 0
shoop-golang/pkg/utils/helpers.go:37.54,39.5 1 0
shoop-golang/pkg/utils/helpers.go:40.4,40.64 1 0
shoop-golang/pkg/utils/helpers.go:42.49,43.24 1 0
shoop-golang/pkg/utils/helpers.go:43.24,45.5 1 0
shoop-golang/pkg/utils/helpers.go:46.4,46.29 1 0
shoop-golang/pkg/utils/helpers.go:48.44,50.4 1 0
shoop-golang/pkg/utils/helpers.go:51.42,53.4 1 0
shoop-golang/pkg/utils/helpers.go:54.46,56.4 1 0
shoop-golang/pkg/utils/helpers.go:57.28,59.21 2 0
shoop-golang/pkg/utils/helpers.go:59.21,61.5 1 0
shoop-golang/pkg/utils/helpers.go:62.4,62.12 1 0
shoop-golang/pkg/utils/helpers.go:64.29,64.45 1 0
shoop-golang/pkg/utils/helpers.go:65.29,65.45 1 0
shoop-golang/pkg/utils/helpers.go:66.41,66.57 1 0
shoop-golang/pkg/utils/helpers.go:67.45,67.70 1 0
shoop-golang/pkg/utils/helpers.go:68.52,85.17 5 0
shoop-golang/pkg/utils/helpers.go:85.17,87.5 1 0
shoop-golang/pkg/utils/helpers.go:88.4,88.17 1 0
shoop-golang/pkg/utils/helpers.go:88.17,90.5 1 0
shoop-golang/pkg/utils/helpers.go:91.4,91.120 1 0
shoop-golang/pkg/utils/helpers.go:93.46,95.42 2 0
shoop-golang/pkg/utils/helpers.go:95.42,97.11 2 0
shoop-golang/pkg/utils/helpers.go:97.11,99.6 1 0
shoop-golang/pkg/utils/helpers.go:101.4,101.12 1 0
shoop-golang/pkg/utils/helpers.go:108.31,112.2 3 1
shoop-golang/pkg/utils/renderer.go:17.62,26.29 7 0
shoop-golang/pkg/utils/renderer.go:26.29,31.3 2 0
shoop-golang/pkg/utils/renderer.go:33.2,38.10 3 0
shoop-golang/pkg/utils/renderer.go:41.60,52.29 9 0
shoop-golang/pkg/utils/renderer.go:52.29,57.3 2 0
shoop-golang/pkg/utils/renderer.go:59.2,59.10 1 0
shoop-golang/pkg/utils/renderer.go:62.101,64.9 2 0
shoop-golang/pkg/utils/renderer.go:64.9,66.3 1 0
shoop-golang/pkg/utils/renderer.go:68.2,69.27 2 0
shoop-golang/pkg/utils/renderer.go:69.27,71.3 1 0
shoop-golang/pkg/utils/renderer.go:73.2,73.52 1 0
shoop-golang/pkg/utils/renderer.go:76.50,80.2 3 0
shoop-golang/pkg/utils/renderer.go:82.48,86.2 3 0
shoop-golang/database/database.go:17.35,19.48 2 0
shoop-golang/database/database.go:19.48,21.3 1 0
shoop-golang/database/database.go:23.2,27.16 3 0
shoop-golang/database/database.go:27.16,29.3 1 0
shoop-golang/database/database.go:31.2,43.16 1 0
shoop-golang/database/database.go:43.16,45.3 1 0
shoop-golang/database/database.go:47.2,48.11 2 0
shoop-golang/database/seeders/seeder.go:12.24,20.2 7 1
shoop-golang/database/seeders/seeder.go:22.37,25.2 2 1
shoop-golang/database/seeders/seeder.go:27.33,30.15 3 1
shoop-golang/database/seeders/seeder.go:30.15,32.3 1 0
shoop-golang/database/seeders/seeder.go:33.2,40.62 2 1
shoop-golang/database/seeders/seeder.go:43.35,46.15 3 1
shoop-golang/database/seeders/seeder.go:46.15,48.3 1 0
shoop-golang/database/seeders/seeder.go:49.2,56.4 1 1
shoop-golang/database/seeders/seeder.go:59.33,62.15 3 1
shoop-golang/database/seeders/seeder.go:62.15,64.3 1 0
shoop-golang/database/seeders/seeder.go:65.2,68.4 1 1
shoop-golang/database/seeders/seeder.go:71.34,74.15 3 1
shoop-golang/database/seeders/seeder.go:74.15,76.3 1 0
shoop-golang/database/seeders/seeder.go:77.2,84.24 2 1
shoop-golang/database/seeders/seeder.go:87.32,90.15 3 1
shoop-golang/database/seeders/seeder.go:90.15,92.3 1 0
shoop-golang/database/seeders/seeder.go:94.2,96.26 3 1
shoop-golang/database/seeders/seeder.go:96.26,98.3 1 0
shoop-golang/database/seeders/seeder.go:100.2,112.22 2 1
shoop-golang/database/seeders/seeder.go:115.31,118.15 3 1
shoop-golang/database/seeders/seeder.go:118.15,120.3 1 0
shoop-golang/database/seeders/seeder.go:121.2,126.21 2 1
shoop-golang/internal/handlers/admin/about.go:13.38,23.2 7 0
shoop-golang/internal/handlers/admin/about.go:25.40,37.2 8 1
shoop-golang/internal/handlers/admin/auth.go:14.38,18.2 1 0
shoop-golang/internal/handlers/admin/auth.go:20.34,25.106 4 1
shoop-golang/internal/handlers/admin/auth.go:25.106,30.3 1 1
shoop-golang/internal/handlers/admin/auth.go:32.2,32.96 1 1
shoop-golang/internal/handlers/admin/auth.go:32.96,37.3 1 1
shoop-golang/internal/handlers/admin/auth.go:39.2,44.57 5 1
shoop-golang/internal/handlers/admin/auth.go:47.35,53.2 5 1
shoop-golang/internal/handlers/admin/banners.go:19.39,29.2 7 1
shoop-golang/internal/handlers/admin/banners.go:31.41,36.2 4 0
shoop-golang/internal/handlers/admin/banners.go:38.40,50.58 4 1
shoop-golang/internal/handlers/admin/banners.go:50.58,56.3 5 0
shoop-golang/internal/handlers/admin/banners.go:58.2,60.55 3 1
shoop-golang/internal/handlers/admin/banners.go:63.39,69.82 5 0
shoop-golang/internal/handlers/admin/banners.go:69.82,71.3 1 0
shoop-golang/internal/handlers/admin/banners.go:72.2,75.60 3 0
shoop-golang/internal/handlers/admin/banners.go:78.41,80.82 2 1
shoop-golang/internal/handlers/admin/banners.go:80.82,82.3 1 0
shoop-golang/internal/handlers/admin/banners.go:84.2,91.45 7 1
shoop-golang/internal/handlers/admin/banners.go:91.45,93.3 1 0
shoop-golang/internal/handlers/admin/banners.go:95.2,99.55 4 1
shoop-golang/internal/handlers/admin/banners.go:102.41,107.2 4 1
shoop-golang/internal/handlers/admin/banners.go:109.48,111.16 2 1
shoop-golang/internal/handlers/admin/banners.go:111.16,113.3 1 1
shoop-golang/internal/handlers/admin/banners.go:114.2,115.16 2 0
shoop-golang/internal/handlers/admin/banners.go:115.16,117.3 1 0
shoop-golang/internal/handlers/admin/banners.go:118.2,127.16 8 0
shoop-golang/internal/handlers/admin/banners.go:127.16,129.3 1 0
shoop-golang/internal/handlers/admin/banners.go:130.2,133.22 3 0
shoop-golang/internal/handlers/admin/categories.go:15.41,25.2 7 1
shoop-golang/internal/handlers/admin/categories.go:27.43,32.2 4 0
shoop-golang/internal/handlers/admin/categories.go:34.42,44.55 3 1
shoop-golang/internal/handlers/admin/categories.go:44.55,51.3 6 0
shoop-golang/internal/handlers/admin/categories.go:53.2,55.58 3 1
shoop-golang/internal/handlers/admin/categories.go:58.41,64.79 5 0
shoop-golang/internal/handlers/admin/categories.go:64.79,66.3 1 0
shoop-golang/internal/handlers/admin/categories.go:67.2,70.63 3 0
shoop-golang/internal/handlers/admin/categories.go:73.43,75.79 2 1
shoop-golang/internal/handlers/admin/categories.go:75.79,77.3 1 0
shoop-golang/internal/handlers/admin/categories.go:79.2,90.58 10 1
shoop-golang/internal/handlers/admin/categories.go:93.43,98.2 4 1
shoop-golang/internal/handlers/admin/company.go:13.40,23.2 7 0
shoop-golang/internal/handlers/admin/company.go:25.42,43.2 14 1
shoop-golang/internal/handlers/admin/dashboard.go:13.47,19.22 4 1
shoop-golang/internal/handlers/admin/dashboard.go:19.22,21.3 1 0
shoop-golang/internal/handlers/admin/dashboard.go:22.2,23.25 2 1
shoop-golang/internal/handlers/admin/dashboard.go:23.25,25.3 1 0
shoop-golang/internal/handlers/admin/dashboard.go:26.2,26.13 1 1
shoop-golang/internal/handlers/admin/dashboard.go:29.38,50.2 16 1
shoop-golang/internal/handlers/admin/orders.go:13.38,20.18 6 1
shoop-golang/internal/handlers/admin/orders.go:20.18,22.3 1 0
shoop-golang/internal/handlers/admin/orders.go:24.2,29.60 5 1
shoop-golang/internal/handlers/admin/orders.go:32.40,38.139 5 1
shoop-golang/internal/handlers/admin/orders.go:38.139,40.3 1 0
shoop-golang/internal/handlers/admin/orders.go:41.2,43.61 2 1
shoop-golang/internal/handlers/admin/orders.go:46.46,51.31 3 1
shoop-golang/internal/handlers/admin/orders.go:51.31,53.3 1 0
shoop-golang/internal/handlers/admin/orders.go:55.2,59.69 4 1
shoop-golang/internal/handlers/admin/products.go:20.40,30.2 7 1
shoop-golang/internal/handlers/admin/products.go:32.42,42.2 7 0
shoop-golang/internal/handlers/admin/products.go:44.41,63.59 5 1
shoop-golang/internal/handlers/admin/products.go:63.59,73.3 9 0
shoop-golang/internal/handlers/admin/products.go:75.2,79.56 4 1
shoop-golang/internal/handlers/admin/products.go:82.40,88.101 5 0
shoop-golang/internal/handlers/admin/products.go:88.101,90.3 1 0
shoop-golang/internal/handlers/admin/products.go:91.2,98.61 6 0
shoop-golang/internal/handlers/admin/products.go:101.42,103.83 2 1
shoop-golang/internal/handlers/admin/products.go:103.83,105.3 1 0
shoop-golang/internal/handlers/admin/products.go:107.2,128.56 19 1
shoop-golang/internal/handlers/admin/products.go:131.42,137.2 5 1
shoop-golang/internal/handlers/admin/products.go:139.40,142.2 2 0
shoop-golang/internal/handlers/admin/products.go:144.60,146.16 2 1
shoop-golang/internal/handlers/admin/products.go:146.16,148.3 1 1
shoop-golang/internal/handlers/admin/products.go:149.2,150.29 2 0
shoop-golang/internal/handlers/admin/products.go:150.29,152.17 2 0
shoop-golang/internal/handlers/admin/products.go:152.17,153.12 1 0
shoop-golang/internal/handlers/admin/products.go:155.3,164.17 8 0
shoop-golang/internal/handlers/admin/products.go:164.17,165.12 1 0
shoop-golang/internal/handlers/admin/products.go:167.3,177.27 4 0
shoop-golang/internal/handlers/admin/users.go:12.37,22.2 7 1
shoop-golang/internal/handlers/admin/users.go:24.39,30.98 5 1
shoop-golang/internal/handlers/admin/users.go:30.98,32.3 1 0
shoop-golang/internal/handlers/admin/users.go:33.2,35.60 2 1
shoop-golang/internal/handlers/web/auth.go:14.37,19.49 4 1
shoop-golang/internal/handlers/web/auth.go:19.49,21.3 1 1
shoop-golang/internal/handlers/web/auth.go:23.2,24.85 2 1
shoop-golang/internal/handlers/web/auth.go:24.85,26.3 1 1
shoop-golang/internal/handlers/web/auth.go:28.2,29.16 2 1
shoop-golang/internal/handlers/web/auth.go:29.16,31.3 1 0
shoop-golang/internal/handlers/web/auth.go:33.2,38.56 2 1
shoop-golang/internal/handlers/web/auth.go:38.56,40.3 1 0
shoop-golang/internal/handlers/web/auth.go:42.2,47.102 5 1
shoop-golang/internal/handlers/web/auth.go:50.34,55.81 4 1
shoop-golang/internal/handlers/web/auth.go:55.81,57.3 1 1
shoop-golang/internal/handlers/web/auth.go:59.2,59.95 1 1
shoop-golang/internal/handlers/web/auth.go:59.95,61.3 1 1
shoop-golang/internal/handlers/web/auth.go:63.2,68.102 5 1
shoop-golang/internal/handlers/web/auth.go:71.35,77.2 5 1
shoop-golang/internal/handlers/web/cart.go:15.37,23.29 6 1
shoop-golang/internal/handlers/web/cart.go:23.29,25.3 1 0
shoop-golang/internal/handlers/web/cart.go:26.2,28.56 2 1
shoop-golang/internal/handlers/web/cart.go:31.38,33.17 2 1
shoop-golang/internal/handlers/web/cart.go:33.17,35.3 1 1
shoop-golang/internal/handlers/web/cart.go:37.2,39.74 3 1
shoop-golang/internal/handlers/web/cart.go:39.74,41.3 1 0
shoop-golang/internal/handlers/web/cart.go:42.2,43.97 2 1
shoop-golang/internal/handlers/web/cart.go:43.97,45.3 1 0
shoop-golang/internal/handlers/web/cart.go:47.2,48.16 2 1
shoop-golang/internal/handlers/web/cart.go:48.16,50.3 1 0
shoop-golang/internal/handlers/web/cart.go:52.2,53.37 2 1
shoop-golang/internal/handlers/web/cart.go:53.37,54.20 1 0
shoop-golang/internal/handlers/web/cart.go:54.20,56.9 2 0
shoop-golang/internal/handlers/web/cart.go:59.2,59.77 1 1
shoop-golang/internal/handlers/web/cart.go:59.77,61.3 1 0
shoop-golang/internal/handlers/web/cart.go:63.2,66.29 3 1
shoop-golang/internal/handlers/web/cart.go:66.29,67.34 1 0
shoop-golang/internal/handlers/web/cart.go:67.34,70.9 3 0
shoop-golang/internal/handlers/web/cart.go:73.2,73.12 1 1
shoop-golang/internal/handlers/web/cart.go:73.12,81.3 1 1
shoop-golang/internal/handlers/web/cart.go:83.2,88.4 2 1
shoop-golang/internal/handlers/web/cart.go:91.39,96.29 4 1
shoop-golang/internal/handlers/web/cart.go:96.29,97.34 1 1
shoop-golang/internal/handlers/web/cart.go:97.34,98.18 1 1
shoop-golang/internal/handlers/web/cart.go:99.20,100.24 1 1
shoop-golang/internal/handlers/web/cart.go:101.20,103.31 2 0
shoop-golang/internal/handlers/web/cart.go:103.31,105.6 1 0
shoop-golang/internal/handlers/web/cart.go:106.18,107.46 1 1
shoop-golang/internal/handlers/web/cart.go:109.4,109.9 1 1
shoop-golang/internal/handlers/web/cart.go:113.2,116.29 3 1
shoop-golang/internal/handlers/web/cart.go:116.29,118.3 1 1
shoop-golang/internal/handlers/web/cart.go:120.2,124.4 1 1
shoop-golang/internal/handlers/web/cart.go:127.37,129.17 2 1
shoop-golang/internal/handlers/web/cart.go:129.17,131.3 1 1
shoop-golang/internal/handlers/web/cart.go:133.2,134.21 2 1
shoop-golang/internal/handlers/web/cart.go:134.21,136.3 1 1
shoop-golang/internal/handlers/web/cart.go:138.2,142.29 4 1
shoop-golang/internal/handlers/web/cart.go:142.29,149.3 2 1
shoop-golang/internal/handlers/web/cart.go:152.2,153.66 2 1
shoop-golang/internal/handlers/web/cart.go:153.66,160.39 2 0
shoop-golang/internal/handlers/web/cart.go:160.39,162.4 1 0
shoop-golang/internal/handlers/web/cart.go:164.2,164.16 1 1
shoop-golang/internal/handlers/web/cart.go:164.16,166.3 1 1
shoop-golang/internal/handlers/web/cart.go:167.2,167.17 1 1
shoop-golang/internal/handlers/web/cart.go:167.17,169.3 1 1
shoop-golang/internal/handlers/web/cart.go:170.2,170.19 1 1
shoop-golang/internal/handlers/web/cart.go:170.19,172.3 1 1
shoop-golang/internal/handlers/web/cart.go:173.2,173.16 1 1
shoop-golang/internal/handlers/web/cart.go:173.16,175.3 1 1
shoop-golang/internal/handlers/web/cart.go:177.2,188.57 2 1
shoop-golang/internal/handlers/web/cart.go:188.57,190.3 1 0
shoop-golang/internal/handlers/web/cart.go:192.2,202.4 4 1
shoop-golang/internal/handlers/web/cart.go:205.53,208.9 3 1
shoop-golang/internal/handlers/web/cart.go:208.9,210.3 1 1
shoop-golang/internal/handlers/web/cart.go:211.2,213.14 3 1
shoop-golang/internal/handlers/web/cart.go:216.61,221.2 4 1
shoop-golang/internal/handlers/web/cart.go:223.45,225.29 2 1
shoop-golang/internal/handlers/web/cart.go:225.29,227.3 1 1
shoop-golang/internal/handlers/web/cart.go:228.2,228.14 1 1
shoop-golang/internal/handlers/web/home.go:12.45,18.51 2 1
shoop-golang/internal/handlers/web/home.go:18.51,20.3 1 0
shoop-golang/internal/handlers/web/home.go:21.2,21.49 1 1
shoop-golang/internal/handlers/web/home.go:21.49,23.3 1 0
shoop-golang/internal/handlers/web/home.go:25.2,33.13 7 1
shoop-golang/internal/handlers/web/home.go:36.33,53.2 12 1
shoop-golang/internal/handlers/web/pages.go:12.38,21.2 6 1
shoop-golang/internal/handlers/web/pages.go:23.40,27.2 3 1
shoop-golang/internal/handlers/web/products.go:14.40,19.14 4 1
shoop-golang/internal/handlers/web/products.go:19.14,21.3 1 1
shoop-golang/internal/handlers/web/products.go:22.2,28.24 5 1
shoop-golang/internal/handlers/web/products.go:28.24,30.87 2 1
shoop-golang/internal/handlers/web/products.go:30.87,33.4 2 1
shoop-golang/internal/handlers/web/products.go:36.2,37.18 2 1
shoop-golang/internal/handlers/web/products.go:37.18,40.3 2 1
shoop-golang/internal/handlers/web/products.go:42.2,55.60 10 1
shoop-golang/internal/handlers/web/products.go:58.42,62.155 3 1
shoop-golang/internal/handlers/web/products.go:62.155,64.3 1 1
shoop-golang/internal/handlers/web/products.go:66.2,73.61 6 1
shoop-golang/internal/middleware/middleware.go:13.56,14.36 1 1
shoop-golang/internal/middleware/middleware.go:14.36,17.27 3 1
shoop-golang/internal/middleware/middleware.go:17.27,19.4 1 1
shoop-golang/internal/middleware/middleware.go:20.3,22.17 3 1
shoop-golang/internal/middleware/middleware.go:26.54,27.36 1 0
shoop-golang/internal/middleware/middleware.go:27.36,30.26 3 0
shoop-golang/internal/middleware/middleware.go:30.26,32.4 1 0
shoop-golang/internal/middleware/middleware.go:33.3,35.17 3 0
shoop-golang/internal/middleware/middleware.go:40.61,41.36 1 1
shoop-golang/internal/middleware/middleware.go:41.36,43.72 2 1
shoop-golang/internal/middleware/middleware.go:43.72,47.4 3 1
shoop-golang/internal/middleware/middleware.go:47.9,49.4 1 1
shoop-golang/internal/middleware/middleware.go:51.3,52.23 2 1
shoop-golang/internal/middleware/middleware.go:52.23,54.4 1 0
shoop-golang/internal/middleware/middleware.go:55.3,56.26 2 1
shoop-golang/internal/middleware/middleware.go:56.26,58.4 1 0
shoop-golang/internal/middleware/middleware.go:61.3,61.65 1 1
shoop-golang/internal/middleware/middleware.go:61.65,63.51 2 1
shoop-golang/internal/middleware/middleware.go:63.51,65.32 2 1
shoop-golang/internal/middleware/middleware.go:65.32,67.6 1 1
shoop-golang/internal/middleware/middleware.go:68.5,68.31 1 1
shoop-golang/internal/middleware/middleware.go:71.3,71.33 1 1
shoop-golang/internal/middleware/middleware.go:71.33,73.4 1 1
shoop-golang/internal/middleware/middleware.go:75.3,75.17 1 1
shoop-golang/internal/models/models.go:17.53,18.16 1 1
shoop-golang/internal/models/models.go:18.16,20.3 1 1
shoop-golang/internal/models/models.go:21.2,21.12 1 1
shoop-golang/internal/models/models.go:73.36,74.80 1 0
shoop-golang/internal/models/models.go:74.80,76.3 1 0
shoop-golang/internal/models/models.go:77.2,77.71 1 0
shoop-golang/pkg/session/session.go:20.26,34.2 4 1
shoop-golang/pkg/session/session.go:36.56,39.2 2 1
shoop-golang/pkg/session/session.go:41.54,44.2 2 1
shoop-golang/pkg/session/session.go:46.74,49.2 2 1
shoop-golang/pkg/session/session.go:51.76,53.22 2 1
shoop-golang/pkg/session/session.go:53.22,56.29 3 0
shoop-golang/pkg/session/session.go:56.29,58.4 1 0
shoop-golang/pkg/session/session.go:59.3,59.16 1 0
shoop-golang/pkg/session/session.go:61.2,61.12 1 1
shoop-golang/pkg/utils/helpers.go:12.39,14.45 1 0
shoop-golang/pkg/utils/helpers.go:14.45,15.18 1 0
shoop-golang/pkg/utils/helpers.go:15.18,17.5 1 0
shoop-golang/pkg/utils/helpers.go:18.4,21.14 4 0
shoop-golang/pkg/utils/helpers.go:21.14,23.5 1 0
shoop-golang/pkg/utils/helpers.go:24.4,25.14 2 0
shoop-golang/pkg/utils/helpers.go:25.14,28.18 3 0
shoop-golang/pkg/utils/helpers.go:28.18,30.6 1 0
shoop-golang/pkg/utils/helpers.go:31.5,32.14 2 0
shoop-golang/pkg/utils/helpers.go:34.4,34.43 1 0
shoop-golang/pkg/utils/helpers.go:36.51,37.54 1 0
shoop-golang/pkg/utils/helpers.go:37.54,39.5 1 0
shoop-golang/pkg/utils/helpers.go:40.4,40.64 1 0
shoop-golang/pkg/utils/helpers.go:42.49,43.24 1 0
shoop-golang/pkg/utils/helpers.go:43.24,45.5 1 0
shoop-golang/pkg/utils/helpers.go:46.4,46.29 1 0
shoop-golang/pkg/utils/helpers.go:48.44,50.4 1 0
shoop-golang/pkg/utils/helpers.go:51.42,53.4 1 0
shoop-golang/pkg/utils/helpers.go:54.46,56.4 1 0
shoop-golang/pkg/utils/helpers.go:57.28,59.21 2 0
shoop-golang/pkg/utils/helpers.go:59.21,61.5 1 0
shoop-golang/pkg/utils/helpers.go:62.4,62.12 1 0
shoop-golang/pkg/utils/helpers.go:64.29,64.45 1 0
shoop-golang/pkg/utils/helpers.go:65.29,65.45 1 0
shoop-golang/pkg/utils/helpers.go:66.41,66.57 1 0
shoop-golang/pkg/utils/helpers.go:67.45,67.70 1 0
shoop-golang/pkg/utils/helpers.go:68.52,85.17 5 0
shoop-golang/pkg/utils/helpers.go:85.17,87.5 1 0
shoop-golang/pkg/utils/helpers.go:88.4,88.17 1 0
shoop-golang/pkg/utils/helpers.go:88.17,90.5 1 0
shoop-golang/pkg/utils/helpers.go:91.4,91.120 1 0
shoop-golang/pkg/utils/helpers.go:93.46,95.42 2 0
shoop-golang/pkg/utils/helpers.go:95.42,97.11 2 0
shoop-golang/pkg/utils/helpers.go:97.11,99.6 1 0
shoop-golang/pkg/utils/helpers.go:101.4,101.12 1 0
shoop-golang/pkg/utils/helpers.go:108.31,112.2 3 1
shoop-golang/pkg/utils/renderer.go:17.62,26.29 7 0
shoop-golang/pkg/utils/renderer.go:26.29,31.3 2 0
shoop-golang/pkg/utils/renderer.go:33.2,38.10 3 0
shoop-golang/pkg/utils/renderer.go:41.60,52.29 9 0
shoop-golang/pkg/utils/renderer.go:52.29,57.3 2 0
shoop-golang/pkg/utils/renderer.go:59.2,59.10 1 0
shoop-golang/pkg/utils/renderer.go:62.101,64.9 2 0
shoop-golang/pkg/utils/renderer.go:64.9,66.3 1 0
shoop-golang/pkg/utils/renderer.go:68.2,69.27 2 0
shoop-golang/pkg/utils/renderer.go:69.27,71.3 1 0
shoop-golang/pkg/utils/renderer.go:73.2,73.52 1 0
shoop-golang/pkg/utils/renderer.go:76.50,80.2 3 0
shoop-golang/pkg/utils/renderer.go:82.48,86.2 3 0
